[0.011s] Invoking command in '/home/noldona/niryo/niryo_two_ros/build/niryo_one_msgs': CMAKE_PREFIX_PATH=${CMAKE_PREFIX_PATH}:/opt/ros/jazzy DEBUGINFOD_URLS=https://debuginfod.ubuntu.com /usr/bin/cmake --build /home/noldona/niryo/niryo_two_ros/build/niryo_one_msgs -- -j4 -l4
[0.081s] -- Found ament_cmake: 2.5.2 (/opt/ros/jazzy/share/ament_cmake/cmake)
[0.187s] -- Found std_msgs: 5.3.5 (/opt/ros/jazzy/share/std_msgs/cmake)
[0.213s] -- Found rosidl_generator_c: 4.6.4 (/opt/ros/jazzy/share/rosidl_generator_c/cmake)
[0.223s] -- Found rosidl_generator_cpp: 4.6.4 (/opt/ros/jazzy/share/rosidl_generator_cpp/cmake)
[0.235s] -- Using all available rosidl_typesupport_c: rosidl_typesupport_fastrtps_c;rosidl_typesupport_introspection_c
[0.248s] -- Using all available rosidl_typesupport_cpp: rosidl_typesupport_fastrtps_cpp;rosidl_typesupport_introspection_cpp
[0.278s] -- Found geometry_msgs: 5.3.5 (/opt/ros/jazzy/share/geometry_msgs/cmake)
[0.295s] -- Found moveit_msgs: 2.5.0 (/opt/ros/jazzy/share/moveit_msgs/cmake)
[0.603s] -- Found rosidl_default_generators: 1.6.0 (/opt/ros/jazzy/share/rosidl_default_generators/cmake)
[0.611s] -- Found rosidl_adapter: 4.6.4 (/opt/ros/jazzy/share/rosidl_adapter/cmake)
[1.024s] [31mCMake Error at /opt/ros/jazzy/share/rosidl_adapter/cmake/rosidl_adapt_interfaces.cmake:57 (message):
[1.024s]   execute_process(/usr/bin/python3 -m rosidl_adapter --package-name
[1.024s]   niryo_one_msgs --arguments-file
[1.024s]   /home/noldona/niryo/niryo_two_ros/build/niryo_one_msgs/rosidl_adapter__arguments__niryo_one_msgs.json
[1.025s]   --output-dir
[1.025s]   /home/noldona/niryo/niryo_two_ros/build/niryo_one_msgs/rosidl_adapter/niryo_one_msgs
[1.025s]   --output-file
[1.025s]   /home/noldona/niryo/niryo_two_ros/build/niryo_one_msgs/rosidl_adapter/niryo_one_msgs.idls)
[1.025s]   returned error code 1:
[1.025s] 
[1.025s]   Traceback (most recent call last):
[1.025s] 
[1.025s]     File "<frozen runpy>", line 198, in _run_module_as_main
[1.025s]     File "<frozen runpy>", line 88, in _run_code
[1.025s]     File "/opt/ros/jazzy/lib/python3.12/site-packages/rosidl_adapter/__main__.py", line 19, in <module>
[1.026s]       sys.exit(main())
[1.026s]                ^^^^^^
[1.026s]     File "/opt/ros/jazzy/lib/python3.12/site-packages/rosidl_adapter/main.py", line 53, in main
[1.026s]       abs_idl_file = convert_to_idl(
[1.026s]                      ^^^^^^^^^^^^^^^
[1.026s]     File "/opt/ros/jazzy/lib/python3.12/site-packages/rosidl_adapter/__init__.py", line 24, in convert_to_idl
[1.026s]       return convert_srv_to_idl(
[1.026s]              ^^^^^^^^^^^^^^^^^^^
[1.026s]     File "/opt/ros/jazzy/lib/python3.12/site-packages/rosidl_adapter/srv/__init__.py", line 28, in convert_srv_to_idl
[1.026s]       srv = parse_service_string(package_name, input_file.stem, content)
[1.026s]             ^^^^^^^^^^^^^^^^^^^^^^^^^^^^^^^^^^^^^^^^^^^^^^^^^^^^^^^^^^^^
[1.027s]     File "/opt/ros/jazzy/lib/python3.12/site-packages/rosidl_adapter/parser.py", line 851, in parse_service_string
[1.027s]       raise InvalidServiceSpecification(
[1.027s] 
[1.027s]   rosidl_adapter.parser.InvalidServiceSpecification: Could not find separator
[1.027s]   '---' between request and response
[1.027s] 
[1.027s] Call Stack (most recent call first):
[1.027s]   /opt/ros/jazzy/share/rosidl_cmake/cmake/rosidl_generate_interfaces.cmake:132 (rosidl_adapt_interfaces)
[1.027s]   CMakeLists.txt:18 (rosidl_generate_interfaces)
[1.027s] 
[1.027s] [0m
[1.028s] -- Configuring incomplete, errors occurred!
[1.032s] gmake: *** [Makefile:13235: cmake_check_build_system] Error 1
[1.034s] Invoked command in '/home/noldona/niryo/niryo_two_ros/build/niryo_one_msgs' returned '2': CMAKE_PREFIX_PATH=${CMAKE_PREFIX_PATH}:/opt/ros/jazzy DEBUGINFOD_URLS=https://debuginfod.ubuntu.com /usr/bin/cmake --build /home/noldona/niryo/niryo_two_ros/build/niryo_one_msgs -- -j4 -l4
