[0.017s] Invoking command in '/home/noldona/niryo/niryo_two_ros/build/niryo_one_msgs': CMAKE_PREFIX_PATH=${CMAKE_PREFIX_PATH}:/opt/ros/jazzy DEBUGINFOD_URLS=https://debuginfod.ubuntu.com /usr/bin/cmake --build /home/noldona/niryo/niryo_two_ros/build/niryo_one_msgs -- -j4 -l4
[0.110s] -- Found ament_cmake: 2.5.2 (/opt/ros/jazzy/share/ament_cmake/cmake)
[0.157s] -- Found Python3: /usr/bin/python3 (found version "3.12.3") found components: Interpreter 
[0.267s] -- Found std_msgs: 5.3.5 (/opt/ros/jazzy/share/std_msgs/cmake)
[0.324s] -- Found rosidl_generator_c: 4.6.4 (/opt/ros/jazzy/share/rosidl_generator_c/cmake)
[0.342s] -- Found rosidl_generator_cpp: 4.6.4 (/opt/ros/jazzy/share/rosidl_generator_cpp/cmake)
[0.367s] -- Using all available rosidl_typesupport_c: rosidl_typesupport_fastrtps_c;rosidl_typesupport_introspection_c
[0.390s] -- Using all available rosidl_typesupport_cpp: rosidl_typesupport_fastrtps_cpp;rosidl_typesupport_introspection_cpp
[0.434s] -- Found geometry_msgs: 5.3.5 (/opt/ros/jazzy/share/geometry_msgs/cmake)
[0.458s] -- Found moveit_msgs: 2.5.0 (/opt/ros/jazzy/share/moveit_msgs/cmake)
[0.825s] -- Found rosidl_default_generators: 1.6.0 (/opt/ros/jazzy/share/rosidl_default_generators/cmake)
[0.839s] -- Found rosidl_adapter: 4.6.4 (/opt/ros/jazzy/share/rosidl_adapter/cmake)
[1.136s] [31mCMake Error at /opt/ros/jazzy/share/rosidl_adapter/cmake/rosidl_adapt_interfaces.cmake:57 (message):
[1.137s]   execute_process(/usr/bin/python3 -m rosidl_adapter --package-name
[1.137s]   niryo_one_msgs --arguments-file
[1.137s]   /home/noldona/niryo/niryo_two_ros/build/niryo_one_msgs/rosidl_adapter__arguments__niryo_one_msgs.json
[1.139s]   --output-dir
[1.139s]   /home/noldona/niryo/niryo_two_ros/build/niryo_one_msgs/rosidl_adapter/niryo_one_msgs
[1.139s]   --output-file
[1.139s]   /home/noldona/niryo/niryo_two_ros/build/niryo_one_msgs/rosidl_adapter/niryo_one_msgs.idls)
[1.139s]   returned error code 1:
[1.140s] 
[1.140s]   Error processing 'niryo_one_msgs/TrajectoryPlan Trajectory' of
[1.140s]   'niryo_one_msgs/RobotMoveCommand': ''Trajectory' is an invalid field name.
[1.140s]   It should have the pattern '^(?!.*__)(?!.*_$)[a-z][a-z0-9_]*$''
[1.140s] 
[1.140s]   Traceback (most recent call last):
[1.140s] 
[1.140s]     File "<frozen runpy>", line 198, in _run_module_as_main
[1.140s]     File "<frozen runpy>", line 88, in _run_code
[1.140s]     File "/opt/ros/jazzy/lib/python3.12/site-packages/rosidl_adapter/__main__.py", line 19, in <module>
[1.141s]       sys.exit(main())
[1.141s]                ^^^^^^
[1.141s]     File "/opt/ros/jazzy/lib/python3.12/site-packages/rosidl_adapter/main.py", line 53, in main
[1.141s]       abs_idl_file = convert_to_idl(
[1.143s]                      ^^^^^^^^^^^^^^^
[1.143s]     File "/opt/ros/jazzy/lib/python3.12/site-packages/rosidl_adapter/__init__.py", line 19, in convert_to_idl
[1.143s]       return convert_msg_to_idl(
[1.143s]              ^^^^^^^^^^^^^^^^^^^
[1.143s]     File "/opt/ros/jazzy/lib/python3.12/site-packages/rosidl_adapter/msg/__init__.py", line 28, in convert_msg_to_idl
[1.143s]       msg = parse_message_string(package_name, input_file.stem, content)
[1.143s]             ^^^^^^^^^^^^^^^^^^^^^^^^^^^^^^^^^^^^^^^^^^^^^^^^^^^^^^^^^^^^
[1.143s]     File "/opt/ros/jazzy/lib/python3.12/site-packages/rosidl_adapter/parser.py", line 520, in parse_message_string
[1.143s]       fields.append(Field(
[1.144s]                     ^^^^^^
[1.144s]     File "/opt/ros/jazzy/lib/python3.12/site-packages/rosidl_adapter/parser.py", line 355, in __init__
[1.144s]       raise NameError(
[1.144s] 
[1.144s]   NameError: 'Trajectory' is an invalid field name.  It should have the
[1.144s]   pattern '^(?!.*__)(?!.*_$)[a-z][a-z0-9_]*$'
[1.144s] 
[1.144s] Call Stack (most recent call first):
[1.144s]   /opt/ros/jazzy/share/rosidl_cmake/cmake/rosidl_generate_interfaces.cmake:132 (rosidl_adapt_interfaces)
[1.144s]   CMakeLists.txt:18 (rosidl_generate_interfaces)
[1.145s] 
[1.145s] [0m
[1.145s] -- Configuring incomplete, errors occurred!
[1.148s] gmake: *** [Makefile:3785: cmake_check_build_system] Error 1
[1.149s] Invoked command in '/home/noldona/niryo/niryo_two_ros/build/niryo_one_msgs' returned '2': CMAKE_PREFIX_PATH=${CMAKE_PREFIX_PATH}:/opt/ros/jazzy DEBUGINFOD_URLS=https://debuginfod.ubuntu.com /usr/bin/cmake --build /home/noldona/niryo/niryo_two_ros/build/niryo_one_msgs -- -j4 -l4
