[0.011s] Invoking command in '/home/noldona/niryo/niryo_two_ros/build/niryo_one_msgs': CMAKE_PREFIX_PATH=${CMAKE_PREFIX_PATH}:/opt/ros/jazzy DEBUGINFOD_URLS=https://debuginfod.ubuntu.com /usr/bin/cmake --build /home/noldona/niryo/niryo_two_ros/build/niryo_one_msgs -- -j4 -l4
[0.045s] -- Found ament_cmake: 2.5.2 (/opt/ros/jazzy/share/ament_cmake/cmake)
[0.163s] -- Found std_msgs: 5.3.5 (/opt/ros/jazzy/share/std_msgs/cmake)
[0.190s] -- Found rosidl_generator_c: 4.6.4 (/opt/ros/jazzy/share/rosidl_generator_c/cmake)
[0.200s] -- Found rosidl_generator_cpp: 4.6.4 (/opt/ros/jazzy/share/rosidl_generator_cpp/cmake)
[0.212s] -- Using all available rosidl_typesupport_c: rosidl_typesupport_fastrtps_c;rosidl_typesupport_introspection_c
[0.226s] -- Using all available rosidl_typesupport_cpp: rosidl_typesupport_fastrtps_cpp;rosidl_typesupport_introspection_cpp
[0.256s] -- Found geometry_msgs: 5.3.5 (/opt/ros/jazzy/share/geometry_msgs/cmake)
[0.274s] -- Found moveit_msgs: 2.5.0 (/opt/ros/jazzy/share/moveit_msgs/cmake)
[0.594s] -- Found rosidl_default_generators: 1.6.0 (/opt/ros/jazzy/share/rosidl_default_generators/cmake)
[0.602s] -- Found rosidl_adapter: 4.6.4 (/opt/ros/jazzy/share/rosidl_adapter/cmake)
[1.090s] -- Found ament_cmake_ros: 0.12.0 (/opt/ros/jazzy/share/ament_cmake_ros/cmake)
[1.767s] -- Using all available rosidl_typesupport_c: rosidl_typesupport_fastrtps_c;rosidl_typesupport_introspection_c
[2.030s] -- Using all available rosidl_typesupport_cpp: rosidl_typesupport_fastrtps_cpp;rosidl_typesupport_introspection_cpp
[2.033s] -- Found python_cmake_module: 0.11.1 (/opt/ros/jazzy/share/python_cmake_module/cmake)
[2.412s] -- Found Python3: /usr/bin/python3 (found version "3.12.3") found components: Interpreter Development NumPy Development.Module Development.Embed 
[2.529s] -- Found ament_lint_auto: 0.17.1 (/opt/ros/jazzy/share/ament_lint_auto/cmake)
[2.555s] -- Added test 'lint_cmake' to check CMake code style
[2.558s] -- Added test 'xmllint' to check XML markup files
[2.563s] -- Configuring done (2.5s)
[2.700s] -- Generating done (0.1s)
[2.705s] -- Build files have been written to: /home/noldona/niryo/niryo_two_ros/build/niryo_one_msgs
[2.746s] [  0%] [34m[1mGenerating type hashes for ROS interfaces[0m
[2.760s] [  0%] Built target ament_cmake_python_copy_niryo_one_msgs
[3.020s] running egg_info
[3.045s] writing niryo_one_msgs.egg-info/PKG-INFO
[3.045s] writing dependency_links to niryo_one_msgs.egg-info/dependency_links.txt
[3.048s] writing top-level names to niryo_one_msgs.egg-info/top_level.txt
[3.122s] reading manifest file 'niryo_one_msgs.egg-info/SOURCES.txt'
[3.123s] writing manifest file 'niryo_one_msgs.egg-info/SOURCES.txt'
[3.155s] [  0%] Built target ament_cmake_python_build_niryo_one_msgs_egg
[6.968s] Traceback (most recent call last):
[6.968s]   File "/opt/ros/jazzy/lib/rosidl_generator_type_description/rosidl_generator_type_description", line 50, in <module>
[6.968s]     sys.exit(main())
[6.969s]              ^^^^^^
[6.969s]   File "/opt/ros/jazzy/lib/rosidl_generator_type_description/rosidl_generator_type_description", line 46, in main
[6.969s]     generate_type_hash(args.generator_arguments_file)
[6.969s]   File "/opt/ros/jazzy/lib/python3.12/site-packages/rosidl_generator_type_description/__init__.py", line 162, in generate_type_hash
[6.970s]     with include_path.open('r') as include_file:
[6.970s]          ^^^^^^^^^^^^^^^^^^^^^^
[6.970s]   File "/usr/lib/python3.12/pathlib.py", line 1015, in open
[6.970s]     return io.open(self, mode, buffering, encoding, errors, newline)
[6.971s]            ^^^^^^^^^^^^^^^^^^^^^^^^^^^^^^^^^^^^^^^^^^^^^^^^^^^^^^^^^
[6.972s] FileNotFoundError: [Errno 2] No such file or directory: '/home/noldona/niryo/niryo_two_ros/build/niryo_one_msgs/rosidl_generator_type_description/niryo_one_msgs/msg/ToolCommand.json'
[7.023s] gmake[2]: *** [CMakeFiles/niryo_one_msgs__rosidl_generator_type_description.dir/build.make:99: rosidl_generator_type_description/niryo_one_msgs/msg/ConveyorFeedback.json] Error 1
[7.023s] gmake[1]: *** [CMakeFiles/Makefile2:215: CMakeFiles/niryo_one_msgs__rosidl_generator_type_description.dir/all] Error 2
[7.023s] gmake: *** [Makefile:146: all] Error 2
[7.026s] Invoked command in '/home/noldona/niryo/niryo_two_ros/build/niryo_one_msgs' returned '2': CMAKE_PREFIX_PATH=${CMAKE_PREFIX_PATH}:/opt/ros/jazzy DEBUGINFOD_URLS=https://debuginfod.ubuntu.com /usr/bin/cmake --build /home/noldona/niryo/niryo_two_ros/build/niryo_one_msgs -- -j4 -l4
